TN:
SF:src/Bank.ts
FN:5,(anonymous_1)
FN:9,(anonymous_3)
FN:13,(anonymous_4)
FN:18,(anonymous_5)
FNF:4
FNH:4
FNDA:9,(anonymous_1)
FNDA:7,(anonymous_3)
FNDA:4,(anonymous_4)
FNDA:14,(anonymous_5)
DA:3,1
DA:5,1
DA:7,8
DA:9,1
DA:10,7
DA:13,1
DA:14,4
DA:15,4
DA:18,1
DA:19,14
DA:20,10
DA:23,4
DA:24,4
DA:25,4
DA:27,1
LF:15
LH:15
BRDA:19,0,0,10
BRDA:19,0,1,4
BRF:2
BRH:2
end_of_record
TN:
SF:src/Pair.ts
FN:1,(anonymous_0)
FN:6,Pair
FN:11,(anonymous_2)
FN:16,(anonymous_3)
FN:20,(anonymous_4)
FNF:5
FNH:3
FNDA:1,(anonymous_0)
FNDA:8,Pair
FNDA:0,(anonymous_2)
FNDA:8,(anonymous_3)
FNDA:0,(anonymous_4)
DA:1,1
DA:4,8
DA:7,8
DA:8,8
DA:11,1
DA:12,0
DA:13,0
DA:16,1
DA:17,8
DA:20,1
DA:21,0
DA:23,1
LF:12
LH:9
BRDA:13,0,0,0
BRDA:13,0,1,0
BRF:2
BRH:0
end_of_record
TN:
SF:src/Sum.ts
FN:5,(anonymous_1)
FN:9,Sum
FN:14,(anonymous_3)
FN:18,(anonymous_4)
FN:22,(anonymous_5)
FNF:5
FNH:5
FNDA:1,(anonymous_1)
FNDA:7,Sum
FNDA:1,(anonymous_3)
FNDA:1,(anonymous_4)
FNDA:6,(anonymous_5)
DA:1,1
DA:5,1
DA:10,7
DA:11,7
DA:14,1
DA:15,1
DA:18,1
DA:19,1
DA:22,1
DA:23,6
DA:24,6
DA:26,1
LF:12
LH:12
BRF:0
BRH:0
end_of_record
TN:
SF:src/Currencies/Money.ts
FN:5,(anonymous_1)
FN:9,Money
FN:14,(anonymous_3)
FN:18,(anonymous_4)
FN:22,(anonymous_5)
FN:27,(anonymous_6)
FN:31,(anonymous_7)
FN:35,(anonymous_8)
FN:39,(anonymous_9)
FN:43,(anonymous_10)
FN:47,(anonymous_11)
FNF:11
FNH:10
FNDA:1,(anonymous_1)
FNDA:48,Money
FNDA:22,(anonymous_3)
FNDA:12,(anonymous_4)
FNDA:13,(anonymous_5)
FNDA:21,(anonymous_6)
FNDA:6,(anonymous_7)
FNDA:2,(anonymous_8)
FNDA:2,(anonymous_9)
FNDA:0,(anonymous_10)
FNDA:10,(anonymous_11)
DA:2,1
DA:5,1
DA:10,48
DA:11,48
DA:14,1
DA:15,22
DA:18,1
DA:19,12
DA:22,1
DA:23,13
DA:24,13
DA:27,1
DA:28,21
DA:31,1
DA:32,6
DA:35,1
DA:36,2
DA:39,1
DA:40,2
DA:43,1
DA:44,0
DA:47,1
DA:48,10
DA:49,10
DA:51,1
LF:25
LH:24
BRDA:49,0,0,10
BRDA:49,0,1,9
BRF:2
BRH:2
end_of_record
